<?xml version="1.0" encoding="UTF-8"?>
<!-- Generated by org.testng.reporters.JUnitReportReporter -->
<testsuite hostname="QT-INBG-LT0684" failures="0" tests="1" name="com.ae.tests.ProductsAndDetailsTest" time="5.745" errors="0" timestamp="2022-01-04T10:00:50 IST" skipped="0">
  <testcase classname="com.ae.tests.ProductsAndDetailsTest" name="verifyProductsDetails" time="5.745"/>
  <system-out/>
</testsuite> <!-- com.ae.tests.ProductsAndDetailsTest -->
