<?xml version="1.0" encoding="UTF-8"?>
<!-- Generated by org.testng.reporters.JUnitReportReporter -->
<testsuite hostname="QT-INBG-LT0684" failures="0" tests="1" name="com.ae.tests.InvalidLogin" time="1.169" errors="0" timestamp="2021-12-22T13:45:10 IST" skipped="0">
  <testcase classname="com.ae.tests.InvalidLogin" name="validSignIn" time="1.169"/>
  <system-out/>
</testsuite> <!-- com.ae.tests.InvalidLogin -->
