<?xml version="1.0" encoding="UTF-8"?>
<!-- Generated by org.testng.reporters.JUnitReportReporter -->
<testsuite hostname="QT-INBG-LT0684" failures="0" tests="1" name="com.ae.tests.VerifyAdressInCheckOutPageTest" time="13.903" errors="0" timestamp="2021-12-31T17:21:44 IST" skipped="0">
  <testcase classname="com.ae.tests.VerifyAdressInCheckOutPageTest" name="pOLoginBeforeCheckout" time="13.903"/>
  <system-out/>
</testsuite> <!-- com.ae.tests.VerifyAdressInCheckOutPageTest -->
