<?xml version="1.0" encoding="UTF-8"?>
<!-- Generated by org.testng.reporters.JUnitReportReporter -->
<testsuite hostname="QT-INBG-LT0684" failures="0" tests="1" name="com.ae.tests.DownloadInvoiceTest" time="16.881" errors="0" timestamp="2022-01-04T10:00:51 IST" skipped="0">
  <testcase classname="com.ae.tests.DownloadInvoiceTest" name="downloadInvoiceAPurchase" time="16.881"/>
  <system-out/>
</testsuite> <!-- com.ae.tests.DownloadInvoiceTest -->
