<?xml version="1.0" encoding="UTF-8"?>
<!-- Generated by org.testng.reporters.JUnitReportReporter -->
<testsuite hostname="QT-INBG-LT0684" failures="0" tests="1" name="com.ae.tests.AddToCartFRecomendsTest" time="209.843" errors="0" timestamp="2021-12-31T14:27:28 IST" skipped="0">
  <testcase classname="com.ae.tests.AddToCartFRecomendsTest" name="addProductTocart" time="209.843"/>
  <system-out/>
</testsuite> <!-- com.ae.tests.AddToCartFRecomendsTest -->
