<?xml version="1.0" encoding="UTF-8"?>
<!-- Generated by org.testng.reporters.JUnitReportReporter -->
<testsuite hostname="QT-INBG-LT0684" failures="0" tests="1" name="com.ae.tests.VerifyTestCasesTest" time="1.471" errors="0" timestamp="2021-12-31T14:27:28 IST" skipped="0">
  <testcase classname="com.ae.tests.VerifyTestCasesTest" name="verifyTestCases" time="1.471"/>
  <system-out/>
</testsuite> <!-- com.ae.tests.VerifyTestCasesTest -->
