<?xml version="1.0" encoding="UTF-8"?>
<!-- Generated by org.testng.reporters.JUnitReportReporter -->
<testsuite hostname="QT-INBG-LT0684" failures="0" tests="1" name="com.ae.tests.LogOutUser" time="4.822" errors="0" timestamp="2021-12-22T13:45:10 IST" skipped="0">
  <testcase classname="com.ae.tests.LogOutUser" name="signInAndLogOut" time="4.822"/>
  <system-out/>
</testsuite> <!-- com.ae.tests.LogOutUser -->
