<?xml version="1.0" encoding="UTF-8"?>
<!-- Generated by org.testng.reporters.JUnitReportReporter -->
<testsuite hostname="QT-INBG-LT0684" failures="0" tests="1" name="com.ae.tests.ValidLoginTest" time="4.271" errors="0" timestamp="2022-01-04T10:00:51 IST" skipped="0">
  <testcase classname="com.ae.tests.ValidLoginTest" name="validSignIn" time="4.271"/>
  <system-out/>
</testsuite> <!-- com.ae.tests.ValidLoginTest -->
