<?xml version="1.0" encoding="UTF-8"?>
<!-- Generated by org.testng.reporters.JUnitReportReporter -->
<testsuite hostname="QT-INBG-LT0684" failures="0" tests="1" name="com.ae.tests.DemoTest" time="0.005" errors="0" timestamp="2021-12-31T13:38:22 IST" skipped="0">
  <testcase classname="com.ae.tests.DemoTest" name="demo" time="0.005"/>
  <system-out/>
</testsuite> <!-- com.ae.tests.DemoTest -->
