<?xml version="1.0" encoding="UTF-8"?>
<!-- Generated by org.testng.reporters.JUnitReportReporter -->
<testsuite hostname="QT-INBG-LT0684" failures="0" tests="1" name="com.ae.tests.ScrollWithUpButtonTest" time="0.455" errors="0" timestamp="2021-12-31T17:49:52 IST" skipped="0">
  <testcase classname="com.ae.tests.ScrollWithUpButtonTest" name="scrollWithUpButtonTest" time="0.455"/>
  <system-out/>
</testsuite> <!-- com.ae.tests.ScrollWithUpButtonTest -->
