<?xml version="1.0" encoding="UTF-8"?>
<!-- Generated by org.testng.reporters.JUnitReportReporter -->
<testsuite hostname="QT-INBG-LT0684" failures="0" tests="1" name="com.ae.tests.POLoginBCheckOutTest" time="28.171" errors="0" timestamp="2021-12-31T14:27:28 IST" skipped="0">
  <testcase classname="com.ae.tests.POLoginBCheckOutTest" name="pOLoginBeforeCheckout" time="28.171"/>
  <system-out/>
</testsuite> <!-- com.ae.tests.POLoginBCheckOutTest -->
