<?xml version="1.0" encoding="UTF-8"?>
<!-- Generated by org.testng.reporters.JUnitReportReporter -->
<testsuite hostname="QT-INBG-LT0684" failures="0" tests="1" name="com.ae.tests.ScrollWithoutUpButtonTest" time="0.164" errors="0" timestamp="2022-01-04T10:00:50 IST" skipped="0">
  <testcase classname="com.ae.tests.ScrollWithoutUpButtonTest" name="scrollWithOutUpButtonTest" time="0.164"/>
  <system-out/>
</testsuite> <!-- com.ae.tests.ScrollWithoutUpButtonTest -->
