<?xml version="1.0" encoding="UTF-8"?>
<!-- Generated by org.testng.reporters.JUnitReportReporter -->
<testsuite hostname="QT-INBG-LT0684" failures="0" tests="1" name="com.ae.tests.VerifySubscriptionTest" time="0.690" errors="0" timestamp="2021-12-23T13:55:48 IST" skipped="0">
  <testcase classname="com.ae.tests.VerifySubscriptionTest" name="verifingSubscription" time="0.690"/>
  <system-out/>
</testsuite> <!-- com.ae.tests.VerifySubscriptionTest -->
