<?xml version="1.0" encoding="UTF-8"?>
<!-- Generated by org.testng.reporters.JUnitReportReporter -->
<testsuite hostname="QT-INBG-LT0684" failures="0" tests="1" name="com.ae.tests.RegisterTest" time="1.073" errors="0" timestamp="2022-01-04T10:00:51 IST" skipped="0">
  <testcase classname="com.ae.tests.RegisterTest" name="registerUser" time="1.073"/>
  <system-out/>
</testsuite> <!-- com.ae.tests.RegisterTest -->
