<?xml version="1.0" encoding="UTF-8"?>
<!-- Generated by org.testng.reporters.JUnitReportReporter -->
<testsuite hostname="QT-INBG-LT0684" failures="0" tests="1" name="com.ae.tests.HomePageTest" time="0.545" errors="0" timestamp="2021-12-20T21:52:07 IST" skipped="0">
  <testcase classname="com.ae.tests.HomePageTest" name="registerUser" time="0.545"/>
  <system-out/>
</testsuite> <!-- com.ae.tests.HomePageTest -->
